Sat, Feb  8, 2025 11:58:48 AM - Geri Sayım Süresi başladı
Sat, Feb  8, 2025 11:58:51 AM - Geri Sayım Süresi bitti
Sat, Feb  8, 2025 11:58:54 AM - Geri Sayım Süresi başladı
Sat, Feb  8, 2025 11:58:57 AM - Geri Sayım Süresi bitti
Sat, Feb  8, 2025 11:58:57 AM - Geri Sayım Süresi başladı
Sat, Feb  8, 2025 11:59:00 AM - Geri Sayım Süresi bitti
Sat, Feb  8, 2025 11:59:06 AM - Geri Sayım Süresi başladı
Sat, Feb  8, 2025 11:59:09 AM - Geri Sayım Süresi bitti
Sat, Feb  8, 2025 11:59:09 AM - Geri Sayım Süresi başladı
Sat, Feb  8, 2025 11:59:12 AM - Geri Sayım Süresi bitti
Sat, Feb  8, 2025 11:59:14 AM - Geri Sayım Süresi başladı
Sat, Feb  8, 2025 11:59:17 AM - Geri Sayım Süresi bitti
Sat, Feb  8, 2025 11:59:17 AM - Geri Sayım Süresi başladı
Sat, Feb  8, 2025 11:59:21 AM - Geri Sayım Süresi bitti
Sat, Feb  8, 2025 11:59:25 AM - Geri Sayım Süresi başladı
Sat, Feb  8, 2025 11:59:28 AM - Geri Sayım Süresi bitti
Sat, Feb  8, 2025 11:59:38 AM - Geri Sayım Süresi başladı
Sat, Feb  8, 2025 11:59:41 AM - Geri Sayım Süresi bitti
Sat, Feb  8, 2025 11:59:43 AM - Geri Sayım Süresi başladı
Sat, Feb  8, 2025 11:59:46 AM - Geri Sayım Süresi bitti
Sat, Feb  8, 2025 12:00:13 PM - Geri Sayım Süresi başladı
Sat, Feb  8, 2025 12:00:16 PM - Geri Sayım Süresi bitti
Sat, Feb  8, 2025 12:00:19 PM - Geri Sayım Süresi başladı
Sat, Feb  8, 2025 12:00:22 PM - Geri Sayım Süresi bitti
Sat, Feb  8, 2025 12:00:42 PM - Geri Sayım Süresi başladı
Sat, Feb  8, 2025 12:00:45 PM - Geri Sayım Süresi bitti
Sat, Feb  8, 2025 12:00:47 PM - Geri Sayım Süresi başladı
Sat, Feb  8, 2025 12:00:50 PM - Geri Sayım Süresi bitti
Sat, Feb  8, 2025 12:01:09 PM - Geri Sayım Süresi başladı
Sat, Feb  8, 2025 12:01:12 PM - Geri Sayım Süresi bitti
Sat, Feb  8, 2025 12:01:12 PM - Geri Sayım Süresi başladı
Sat, Feb  8, 2025 12:01:15 PM - Geri Sayım Süresi bitti
Sat, Feb  8, 2025 12:01:20 PM - Geri Sayım Süresi başladı
Sat, Feb  8, 2025 12:01:23 PM - Geri Sayım Süresi bitti
Sat, Feb  8, 2025 12:19:57 PM - Geri Sayım Süresi başladı
Sat, Feb  8, 2025 12:20:00 PM - Geri Sayım Süresi bitti
Sat, Feb  8, 2025 12:20:04 PM - Geri Sayım Süresi başladı
Sat, Feb  8, 2025 12:20:07 PM - Geri Sayım Süresi bitti
Sat, Feb  8, 2025 12:20:07 PM - Geri Sayım Süresi başladı
Sat, Feb  8, 2025 12:20:10 PM - Geri Sayım Süresi bitti
Sat, Feb  8, 2025 12:20:12 PM - Geri Sayım Süresi başladı
Sat, Feb  8, 2025 12:20:15 PM - Geri Sayım Süresi bitti
Sat, Feb  8, 2025 12:20:16 PM - Geri Sayım Süresi başladı
Sat, Feb  8, 2025 12:20:19 PM - Geri Sayım Süresi bitti
Sat, Feb  8, 2025 12:20:20 PM - Geri Sayım Süresi başladı
Sat, Feb  8, 2025 12:20:23 PM - Geri Sayım Süresi bitti
Sat, Feb  8, 2025 12:20:25 PM - Geri Sayım Süresi başladı
Sat, Feb  8, 2025 12:20:28 PM - Geri Sayım Süresi bitti
Sat, Feb  8, 2025 12:20:30 PM - Geri Sayım Süresi başladı
Sat, Feb  8, 2025 12:20:33 PM - Geri Sayım Süresi bitti
Sat, Feb  8, 2025 12:20:35 PM - Geri Sayım Süresi başladı
Sat, Feb  8, 2025 12:20:38 PM - Geri Sayım Süresi bitti
Sat, Feb  8, 2025 12:20:41 PM - Geri Sayım Süresi başladı
Sat, Feb  8, 2025 12:20:44 PM - Geri Sayım Süresi bitti
Sat, Feb  8, 2025 12:20:44 PM - Geri Sayım Süresi başladı
Sat, Feb  8, 2025 12:20:47 PM - Geri Sayım Süresi bitti
Sat, Feb  8, 2025 12:20:48 PM - Geri Sayım Süresi başladı
Sat, Feb  8, 2025 12:20:51 PM - Geri Sayım Süresi bitti
Sat, Feb  8, 2025 12:20:53 PM - Geri Sayım Süresi başladı
Sat, Feb  8, 2025 12:20:56 PM - Geri Sayım Süresi bitti
Sat, Feb  8, 2025 12:21:02 PM - Geri Sayım Süresi başladı
Sat, Feb  8, 2025 12:21:05 PM - Geri Sayım Süresi bitti
Sat, Feb  8, 2025 12:21:08 PM - Geri Sayım Süresi başladı
Sat, Feb  8, 2025 12:21:11 PM - Geri Sayım Süresi bitti
Sat, Feb  8, 2025 12:21:14 PM - Geri Sayım Süresi başladı
Sat, Feb  8, 2025 12:21:18 PM - Geri Sayım Süresi bitti
Sat, Feb  8, 2025 12:21:23 PM - Geri Sayım Süresi başladı
Sat, Feb  8, 2025 12:21:26 PM - Geri Sayım Süresi bitti
Sat, Feb  8, 2025 12:21:29 PM - Geri Sayım Süresi başladı
Sat, Feb  8, 2025 12:21:32 PM - Geri Sayım Süresi bitti
Sat, Feb  8, 2025 12:21:34 PM - Geri Sayım Süresi başladı
Sat, Feb  8, 2025 12:21:37 PM - Geri Sayım Süresi bitti
Sat, Feb  8, 2025 12:21:39 PM - Geri Sayım Süresi başladı
Sat, Feb  8, 2025 12:21:42 PM - Geri Sayım Süresi bitti
Sat, Feb  8, 2025 12:21:44 PM - Geri Sayım Süresi başladı
Sat, Feb  8, 2025 12:21:47 PM - Geri Sayım Süresi bitti
Sat, Feb  8, 2025 12:21:53 PM - Geri Sayım Süresi başladı
Sat, Feb  8, 2025 12:21:57 PM - Geri Sayım Süresi bitti
Sat, Feb  8, 2025 12:22:10 PM - Geri Sayım Süresi başladı
Sat, Feb  8, 2025 12:22:14 PM - Geri Sayım Süresi bitti
Sat, Feb  8, 2025 12:22:21 PM - Geri Sayım Süresi başladı
Sat, Feb  8, 2025 12:22:24 PM - Geri Sayım Süresi bitti
Sat, Feb  8, 2025 12:22:26 PM - Geri Sayım Süresi başladı
Sat, Feb  8, 2025 12:22:29 PM - Geri Sayım Süresi bitti
Sat, Feb  8, 2025 12:22:29 PM - Geri Sayım Süresi başladı
Sat, Feb  8, 2025 12:22:33 PM - Geri Sayım Süresi bitti
Sat, Feb  8, 2025 12:22:34 PM - Geri Sayım Süresi başladı
Sat, Feb  8, 2025 12:22:37 PM - Geri Sayım Süresi bitti
Sat, Feb  8, 2025 12:55:15 PM - Geri Sayım Süresi başladı
Sat, Feb  8, 2025 12:55:18 PM - Geri Sayım Süresi bitti
Sat, Feb  8, 2025 12:55:20 PM - Geri Sayım Süresi başladı
Sat, Feb  8, 2025 12:55:24 PM - Geri Sayım Süresi bitti
Sat, Feb  8, 2025 12:55:30 PM - Geri Sayım Süresi başladı
Sat, Feb  8, 2025 12:55:33 PM - Geri Sayım Süresi bitti
Sat, Feb  8, 2025 12:55:34 PM - Geri Sayım Süresi başladı
Sat, Feb  8, 2025 12:55:37 PM - Geri Sayım Süresi bitti
Sat, Feb  8, 2025 12:55:38 PM - Geri Sayım Süresi başladı
Sat, Feb  8, 2025 12:55:42 PM - Geri Sayım Süresi bitti
Sat, Feb  8, 2025 12:55:43 PM - Geri Sayım Süresi başladı
Sat, Feb  8, 2025 12:55:46 PM - Geri Sayım Süresi bitti
Sat, Feb  8, 2025 12:55:48 PM - Geri Sayım Süresi başladı
Sat, Feb  8, 2025 12:55:51 PM - Geri Sayım Süresi bitti
Sat, Feb  8, 2025 12:55:52 PM - Geri Sayım Süresi başladı
Sat, Feb  8, 2025 12:55:56 PM - Geri Sayım Süresi bitti
Sat, Feb  8, 2025 12:55:59 PM - Geri Sayım Süresi başladı
Sat, Feb  8, 2025 12:56:02 PM - Geri Sayım Süresi bitti
Sat, Feb  8, 2025 12:56:02 PM - Geri Sayım Süresi başladı
Sat, Feb  8, 2025 12:56:05 PM - Geri Sayım Süresi bitti
Sat, Feb  8, 2025 12:56:06 PM - Geri Sayım Süresi başladı
Sat, Feb  8, 2025 12:56:09 PM - Geri Sayım Süresi bitti
Sat, Feb  8, 2025 12:56:11 PM - Geri Sayım Süresi başladı
Sat, Feb  8, 2025 12:56:14 PM - Geri Sayım Süresi bitti
Sat, Feb  8, 2025 12:56:16 PM - Geri Sayım Süresi başladı
Sat, Feb  8, 2025 12:56:19 PM - Geri Sayım Süresi bitti
Sat, Feb  8, 2025 12:56:21 PM - Geri Sayım Süresi başladı
Sat, Feb  8, 2025 12:56:24 PM - Geri Sayım Süresi bitti
Sat, Feb  8, 2025 12:56:25 PM - Geri Sayım Süresi başladı
Sat, Feb  8, 2025 12:56:28 PM - Geri Sayım Süresi bitti
Sat, Feb  8, 2025 12:56:30 PM - Geri Sayım Süresi başladı
Sat, Feb  8, 2025 12:56:33 PM - Geri Sayım Süresi bitti
Sat, Feb  8, 2025 12:56:35 PM - Geri Sayım Süresi başladı
Sat, Feb  8, 2025 12:56:38 PM - Geri Sayım Süresi bitti
Sat, Feb  8, 2025 12:56:40 PM - Geri Sayım Süresi başladı
Sat, Feb  8, 2025 12:56:43 PM - Geri Sayım Süresi bitti
Sat, Feb  8, 2025 12:56:44 PM - Geri Sayım Süresi başladı
Sat, Feb  8, 2025 12:56:48 PM - Geri Sayım Süresi bitti
Sat, Feb  8, 2025 12:56:53 PM - Geri Sayım Süresi başladı
Sat, Feb  8, 2025 12:56:56 PM - Geri Sayım Süresi bitti
Sat, Feb  8, 2025 12:57:03 PM - Geri Sayım Süresi başladı
Sat, Feb  8, 2025 12:57:06 PM - Geri Sayım Süresi bitti
Sat, Feb  8, 2025 12:57:20 PM - Geri Sayım Süresi başladı
Sat, Feb  8, 2025 12:57:23 PM - Geri Sayım Süresi bitti
Sat, Feb  8, 2025 12:57:25 PM - Geri Sayım Süresi başladı
Sat, Feb  8, 2025 12:57:28 PM - Geri Sayım Süresi bitti
Sat, Feb  8, 2025 12:57:28 PM - Geri Sayım Süresi başladı
Sat, Feb  8, 2025 12:57:31 PM - Geri Sayım Süresi bitti
Sat, Feb  8, 2025 12:57:32 PM - Geri Sayım Süresi başladı
Sat, Feb  8, 2025 12:57:36 PM - Geri Sayım Süresi bitti
Sat, Feb  8, 2025  2:14:57 PM - Geri Sayım Süresi başladı
Sat, Feb  8, 2025  2:15:00 PM - Geri Sayım Süresi bitti
Sat, Feb  8, 2025  2:15:04 PM - Geri Sayım Süresi başladı
Sat, Feb  8, 2025  2:15:07 PM - Geri Sayım Süresi bitti
Sat, Feb  8, 2025  2:15:07 PM - Geri Sayım Süresi başladı
Sat, Feb  8, 2025  2:15:10 PM - Geri Sayım Süresi bitti
Sat, Feb  8, 2025  2:15:11 PM - Geri Sayım Süresi başladı
Sat, Feb  8, 2025  2:15:14 PM - Geri Sayım Süresi bitti
Sat, Feb  8, 2025  2:15:15 PM - Geri Sayım Süresi başladı
Sat, Feb  8, 2025  2:15:18 PM - Geri Sayım Süresi bitti
Sat, Feb  8, 2025  2:15:19 PM - Geri Sayım Süresi başladı
Sat, Feb  8, 2025  2:15:23 PM - Geri Sayım Süresi bitti
Sat, Feb  8, 2025  2:15:24 PM - Geri Sayım Süresi başladı
Sat, Feb  8, 2025  2:15:27 PM - Geri Sayım Süresi bitti
Sat, Feb  8, 2025  2:15:29 PM - Geri Sayım Süresi başladı
Sat, Feb  8, 2025  2:15:32 PM - Geri Sayım Süresi bitti
Sat, Feb  8, 2025  2:15:34 PM - Geri Sayım Süresi başladı
Sat, Feb  8, 2025  2:15:37 PM - Geri Sayım Süresi bitti
Sat, Feb  8, 2025  2:15:39 PM - Geri Sayım Süresi başladı
Sat, Feb  8, 2025  2:15:42 PM - Geri Sayım Süresi bitti
Sat, Feb  8, 2025  2:15:42 PM - Geri Sayım Süresi başladı
Sat, Feb  8, 2025  2:15:45 PM - Geri Sayım Süresi bitti
Sat, Feb  8, 2025  2:15:46 PM - Geri Sayım Süresi başladı
Sat, Feb  8, 2025  2:15:49 PM - Geri Sayım Süresi bitti
Sat, Feb  8, 2025  2:15:51 PM - Geri Sayım Süresi başladı
Sat, Feb  8, 2025  2:15:54 PM - Geri Sayım Süresi bitti
Sat, Feb  8, 2025  2:15:56 PM - Geri Sayım Süresi başladı
Sat, Feb  8, 2025  2:15:59 PM - Geri Sayım Süresi bitti
Sat, Feb  8, 2025  2:16:02 PM - Geri Sayım Süresi başladı
Sat, Feb  8, 2025  2:16:05 PM - Geri Sayım Süresi bitti
Sat, Feb  8, 2025  2:16:06 PM - Geri Sayım Süresi başladı
Sat, Feb  8, 2025  2:16:10 PM - Geri Sayım Süresi bitti
Sat, Feb  8, 2025  2:16:12 PM - Geri Sayım Süresi başladı
Sat, Feb  8, 2025  2:16:15 PM - Geri Sayım Süresi bitti
Sat, Feb  8, 2025  2:16:16 PM - Geri Sayım Süresi başladı
Sat, Feb  8, 2025  2:16:19 PM - Geri Sayım Süresi bitti
Sat, Feb  8, 2025  2:16:21 PM - Geri Sayım Süresi başladı
Sat, Feb  8, 2025  2:16:25 PM - Geri Sayım Süresi bitti
Sat, Feb  8, 2025  2:16:26 PM - Geri Sayım Süresi başladı
Sat, Feb  8, 2025  2:16:29 PM - Geri Sayım Süresi bitti
Sat, Feb  8, 2025  2:16:37 PM - Geri Sayım Süresi başladı
Sat, Feb  8, 2025  2:16:41 PM - Geri Sayım Süresi bitti
Sat, Feb  8, 2025  2:16:46 PM - Geri Sayım Süresi başladı
Sat, Feb  8, 2025  2:16:49 PM - Geri Sayım Süresi bitti
Sat, Feb  8, 2025  2:19:42 PM - Geri Sayım Süresi başladı
Sat, Feb  8, 2025  2:19:45 PM - Geri Sayım Süresi bitti
Sat, Feb  8, 2025  2:22:09 PM - Geri Sayım Süresi başladı
Sat, Feb  8, 2025  2:22:12 PM - Geri Sayım Süresi bitti
Sat, Feb  8, 2025  2:22:13 PM - Geri Sayım Süresi başladı
Sat, Feb  8, 2025  2:22:16 PM - Geri Sayım Süresi bitti
Sat, Feb  8, 2025  2:22:20 PM - Geri Sayım Süresi başladı
Sat, Feb  8, 2025  2:22:23 PM - Geri Sayım Süresi bitti
Sat, Feb  8, 2025  7:39:00 PM - Geri Sayım Süresi başladı
Sat, Feb  8, 2025  7:39:03 PM - Geri Sayım Süresi bitti
Sat, Feb  8, 2025  7:39:09 PM - Geri Sayım Süresi başladı
Sat, Feb  8, 2025  7:39:12 PM - Geri Sayım Süresi bitti
Sat, Feb  8, 2025  7:39:14 PM - Geri Sayım Süresi başladı
Sat, Feb  8, 2025  7:39:17 PM - Geri Sayım Süresi bitti
Sat, Feb  8, 2025  7:39:18 PM - Geri Sayım Süresi başladı
Sat, Feb  8, 2025  7:39:21 PM - Geri Sayım Süresi bitti
Sat, Feb  8, 2025  7:39:25 PM - Geri Sayım Süresi başladı
Sat, Feb  8, 2025  7:39:28 PM - Geri Sayım Süresi bitti
Sat, Feb  8, 2025  7:39:30 PM - Geri Sayım Süresi başladı
Sat, Feb  8, 2025  7:39:33 PM - Geri Sayım Süresi bitti
Sat, Feb  8, 2025  7:39:35 PM - Geri Sayım Süresi başladı
Sat, Feb  8, 2025  7:39:38 PM - Geri Sayım Süresi bitti
Sat, Feb  8, 2025  7:39:40 PM - Geri Sayım Süresi başladı
Sat, Feb  8, 2025  7:39:43 PM - Geri Sayım Süresi bitti
Sat, Feb  8, 2025  7:39:44 PM - Geri Sayım Süresi başladı
Sat, Feb  8, 2025  7:39:48 PM - Geri Sayım Süresi bitti
Sat, Feb  8, 2025  7:39:48 PM - Geri Sayım Süresi başladı
Sat, Feb  8, 2025  7:39:51 PM - Geri Sayım Süresi bitti
Sat, Feb  8, 2025  7:39:52 PM - Geri Sayım Süresi başladı
Sat, Feb  8, 2025  7:39:56 PM - Geri Sayım Süresi bitti
Sat, Feb  8, 2025  7:39:57 PM - Geri Sayım Süresi başladı
Sat, Feb  8, 2025  7:40:01 PM - Geri Sayım Süresi bitti
Sat, Feb  8, 2025  7:40:01 PM - Geri Sayım Süresi başladı
Sat, Feb  8, 2025  7:40:04 PM - Geri Sayım Süresi bitti
Sat, Feb  8, 2025  7:40:07 PM - Geri Sayım Süresi başladı
Sat, Feb  8, 2025  7:40:10 PM - Geri Sayım Süresi bitti
Sat, Feb  8, 2025  7:40:13 PM - Geri Sayım Süresi başladı
Sat, Feb  8, 2025  7:40:16 PM - Geri Sayım Süresi bitti
Sat, Feb  8, 2025  7:40:24 PM - Geri Sayım Süresi başladı
Sat, Feb  8, 2025  7:40:27 PM - Geri Sayım Süresi bitti
Sat, Feb  8, 2025  7:40:30 PM - Geri Sayım Süresi başladı
Sat, Feb  8, 2025  7:40:34 PM - Geri Sayım Süresi bitti
Sat, Feb  8, 2025  7:40:35 PM - Geri Sayım Süresi başladı
Sat, Feb  8, 2025  7:40:39 PM - Geri Sayım Süresi bitti
Sat, Feb  8, 2025  7:40:41 PM - Geri Sayım Süresi başladı
Sat, Feb  8, 2025  7:40:44 PM - Geri Sayım Süresi bitti
Sat, Feb  8, 2025  7:40:46 PM - Geri Sayım Süresi başladı
Sat, Feb  8, 2025  7:40:49 PM - Geri Sayım Süresi bitti
Sat, Feb  8, 2025  7:40:52 PM - Geri Sayım Süresi başladı
Sat, Feb  8, 2025  7:40:55 PM - Geri Sayım Süresi bitti
Sat, Feb  8, 2025  7:41:02 PM - Geri Sayım Süresi başladı
Sat, Feb  8, 2025  7:41:05 PM - Geri Sayım Süresi bitti
Sat, Feb  8, 2025  7:41:13 PM - Geri Sayım Süresi başladı
Sat, Feb  8, 2025  7:41:16 PM - Geri Sayım Süresi bitti
Sat, Feb  8, 2025  7:41:17 PM - Geri Sayım Süresi başladı
Sat, Feb  8, 2025  7:41:20 PM - Geri Sayım Süresi bitti
