{"level":"info","message":"Sunucu 1111 portunda çalışıyor http://localhost:1111"}
{"level":"info","message":"Sunucu 1111 portunda çalışıyor http://localhost:1111"}
{"level":"info","message":"Sunucu 1111 portunda çalışıyor http://localhost:1111"}
{"level":"info","message":"Sunucu 1111 portunda çalışıyor http://localhost:1111"}
{"level":"info","message":"Sunucu 1111 portunda çalışıyor http://localhost:1111"}
{"level":"info","message":"Sunucu 1111 portunda çalışıyor http://localhost:1111"}
{"level":"info","message":"Sunucu 1111 portunda çalışıyor http://localhost:1111"}
{"level":"info","message":"Sunucu 1111 portunda çalışıyor http://localhost:1111"}
{"level":"info","message":"Sunucu 1111 portunda çalışıyor http://localhost:1111"}
{"level":"info","message":"Sunucu 1111 portunda çalışıyor http://localhost:1111"}
{"level":"info","message":"Sunucu 1111 portunda çalışıyor http://localhost:1111"}
{"level":"info","message":"Sunucu 1111 portunda çalışıyor http://localhost:1111"}
{"level":"info","message":"Sunucu 1111 portunda çalışıyor http://localhost:1111"}
{"level":"info","message":"Sunucu 1111 portunda çalışıyor http://localhost:1111"}
{"level":"info","message":"Sunucu 1111 portunda çalışıyor http://localhost:1111"}
{"level":"info","message":"Sunucu 1111 portunda çalışıyor http://localhost:1111"}
{"level":"info","message":"Sunucu 1111 portunda çalışıyor http://localhost:1111"}
{"level":"info","message":"Sunucu 1111 portunda çalışıyor http://localhost:1111"}
{"level":"info","message":"Sunucu 1111 portunda çalışıyor http://localhost:1111"}
{"level":"info","message":"Sunucu 1111 portunda çalışıyor http://localhost:1111"}
{"level":"info","message":"Sunucu 1111 portunda çalışıyor http://localhost:1111"}
{"level":"info","message":"Sunucu 1111 portunda çalışıyor http://localhost:1111"}
{"level":"info","message":{"_csrf":"AJ5AJOI8-TAI_dZLXPaWon-w2RxoBJXI4k4g","author":"ibrahim eren","content":"Blog test 321","header":"Blog test 123","tags":"js, mongodb, docker"}}
{"level":"info","message":"Dolu gövde alındı."}
{"level":"info","message":{"_csrf":"AJ5AJOI8-TAI_dZLXPaWon-w2RxoBJXI4k4g","author":"ibrahim eren","content":"Blog test 321","header":"Blog test 123","tags":"js, mongodb, docker"}}
{"level":"info","message":"Dolu gövde alındı."}
{"level":"info","message":"Sunucu 1111 portunda çalışıyor http://localhost:1111"}
{"level":"info","message":{"_csrf":"8lyhwkAY-5W9cYJhAY463QNymWKm0FTPCCeI","author":"ibrahim eren","content":"blog test 321 1234567","header":"Blog test 123","tags":"js, mongodb, docker"}}
{"level":"info","message":"Dolu gövde alındı."}
{"level":"info","message":{"_csrf":"xMhG8E3Q-ri6CMmzR17c10wIkQF4oBNi9GRM","author":"123","content":"blog 123 321 ","header":"Blog test 123","tags":"js, mongodb, docker"}}
{"level":"info","message":"Dolu gövde alındı."}
{"level":"info","message":{"_csrf":"xMhG8E3Q-ri6CMmzR17c10wIkQF4oBNi9GRM","author":"123","content":"blog 123 321 ","header":"Blog test 123","tags":"js, mongodb, docker"}}
{"level":"info","message":"Dolu gövde alındı."}
{"level":"info","message":{"_csrf":"R2zEGmB1-7YzOw1gbuf8vKh2TKM5uMwIFEY8","author":"eren","content":"1234567890","header":"Blog test 123","tags":"js, mongodb, docker"}}
{"level":"info","message":"Dolu gövde alındı."}
{"level":"info","message":{"_csrf":"LXcx1554-rtdcVI1d76ltg2sLJztZUCfh8hQ","author":"123","content":"sdadssada`","header":"Blog test 123","tags":"js, mongodb, docker"}}
{"level":"info","message":"Dolu gövde alındı."}
{"level":"info","message":{"_csrf":"dhDw1Ugi-DSKp1096yeRKVAeLH7krO1DI-Wg","author":"dsfasdf","content":"drffdsafdasf","header":"Blog test 123","tags":"sdafasdf"}}
{"level":"info","message":"Dolu gövde alındı."}
{"level":"info","message":{"_csrf":"dhDw1Ugi-DSKp1096yeRKVAeLH7krO1DI-Wg","author":"dsfasdf","content":"drffdsafdasf","header":"Blog test 123","tags":"sdafasdf"}}
{"level":"info","message":"Dolu gövde alındı."}
{"level":"info","message":"Sunucu 1111 portunda çalışıyor http://localhost:1111"}
{"level":"info","message":"Sunucu 1111 portunda çalışıyor http://localhost:1111"}
{"level":"info","message":{"_csrf":"AmCm2cny-wUzrBabm2VT1Dvuyz--WJzGSgFQ","author":"asdasdasd","content":"asdsdsdasdasdasdasdasdasdsada","header":"Blog test 123","tags":"asdasd"}}
{"level":"info","message":"Dolu gövde alındı."}
{"level":"info","message":"Sunucu 1111 portunda çalışıyor http://localhost:1111"}
{"level":"info","message":{"_csrf":"RgBQdOK4-Uq_CnuPgdBuvz-84OyZzf8GpC5U","author":"qweeeeee","content":"ewewqqqqqqqqqqqqqqqqqqqqqqqqqqqqqqqqqq","header":"Blog test 123","tags":"qweweq"}}
{"level":"info","message":"Dolu gövde alındı."}
{"level":"info","message":"Sunucu 1111 portunda çalışıyor http://localhost:1111"}
{"level":"info","message":{"_csrf":"3xoXQHJ5-HHkt3GHbD1j9yIhDZpeXPbY2uBE","author":"ewrqqqqqq","content":"werqqqqqqqqqq","header":"Blog test 123","tags":"ewrq"}}
{"level":"info","message":"Dolu gövde alındı."}
{"level":"info","message":{"_csrf":"6XD6GGhk-87_Z5wXf1MOEJcfUalAz36UqDYk","author":"gfhghg","content":"gfhfghdgh","header":"ghdhdgh","tags":"ghgfhdg"}}
{"level":"info","message":"Dolu gövde alındı."}
{"level":"info","message":{"_csrf":"IZCgGMMp-xNfYmD7HTgD4iJG6Lk3ugt6N8qk","author":"ewrqewreqw","content":"edrerqw","header":"Blog test 123","tags":"ewqrewq"}}
{"level":"info","message":"Dolu gövde alındı."}
{"level":"info","message":"Sunucu 1111 portunda çalışıyor http://localhost:1111"}
{"level":"info","message":{"_csrf":"IZCgGMMp-xNfYmD7HTgD4iJG6Lk3ugt6N8qk","author":"ewrqewreqw","content":"edrerqw","header":"Blog test 123","tags":"ewqrewq"}}
{"level":"info","message":"Dolu gövde alındı."}
{"level":"info","message":{"_csrf":"IZCgGMMp-xNfYmD7HTgD4iJG6Lk3ugt6N8qk","author":"ewrqewreqw","content":"edrerqw","header":"Blog test 123","tags":"ewqrewq"}}
{"level":"info","message":"Dolu gövde alındı."}
{"level":"info","message":{"_csrf":"gNjkSuKg-fpZbUFlc1tKyNBx8A5_kI9P8JeU","author":"sadasdas","content":"sadasdasdas","header":"Blog test 123","tags":"sdads"}}
{"level":"info","message":"Dolu gövde alındı."}
{"level":"info","message":{"_csrf":"lruUIv9K-kPGlkUv8nfCCYQs26xzlWlgS9w0","author":"sdfsdf","content":"dfsfddsf","header":"fdsdf","tags":"sdfsd"}}
{"level":"info","message":"Dolu gövde alındı."}
{"level":"info","message":{"_csrf":"3tP7muDa-31EZy4kQHin1sHuMWNB25KxacZA","author":"dsfsd","content":"dsfds","header":"dsf","tags":"sdfdsf"}}
{"level":"info","message":"Dolu gövde alındı."}
